> n_trainable_params: 2167803, n_nontrainable_params: 1375500
> training arguments:
>>> model_name: asgcn
>>> dataset: restaurant
>>> optimizer: <class 'transformers.optimization.AdamW'>
>>> initializer: <function xavier_uniform_ at 0x7f5246208040>
>>> lr: 3e-05
>>> dropout: 0
>>> l2reg: 0.01
>>> num_epoch: 20
>>> batch_size: 16
>>> log_step: 10
>>> embed_dim: 300
>>> hidden_dim: 300
>>> bert_dim: 768
>>> pretrained_bert_name: bert-base-uncased
>>> max_seq_len: 80
>>> polarities_dim: 3
>>> hops: 3
>>> patience: 5
>>> device: cpu
>>> seed: 1234
>>> valset_ratio: 0
>>> local_context_focus: cdm
>>> SRD: 5
>>> model_class: <class 'models.asgcn.ASGCN'>
>>> dataset_file: {'train': './datasets/semeval14/Restaurants_Train.xml.seg', 'test': './datasets/semeval14/Restaurants_Test_Gold.xml.seg'}
>>> inputs_cols: ['text_indices', 'aspect_indices', 'left_indices', 'dependency_graph']
>>>>>>>>>>>>>>>>>>>>>>>>>>>>>>>>>>>>>>>>>>>>>>>>>>>>>>>>>>>>>>>>>>>>>>>>>>>>>>>>>>>>>>>>>>>>>>>>>>>>
epoch: 0
loss: 1.2588, acc: 0.2188
loss: 1.2425, acc: 0.2375
loss: 1.2663, acc: 0.2000
loss: 1.2752, acc: 0.1828
loss: 1.2776, acc: 0.1775
loss: 1.2730, acc: 0.1812
loss: 1.2710, acc: 0.1804
loss: 1.2712, acc: 0.1758
loss: 1.2668, acc: 0.1778
loss: 1.2643, acc: 0.1762
loss: 1.2631, acc: 0.1733
loss: 1.2595, acc: 0.1740
loss: 1.2551, acc: 0.1745
loss: 1.2524, acc: 0.1741
loss: 1.2479, acc: 0.1754
loss: 1.2433, acc: 0.1758
loss: 1.2382, acc: 0.1805
loss: 1.2328, acc: 0.1847
loss: 1.2270, acc: 0.1908
loss: 1.2198, acc: 0.2028
loss: 1.2186, acc: 0.2077
loss: 1.2137, acc: 0.2148
> val_acc: 0.4902, val_f1: 0.3007
>> saved: state_dict/asgcn_restaurant_val_acc_0.4902
>>>>>>>>>>>>>>>>>>>>>>>>>>>>>>>>>>>>>>>>>>>>>>>>>>>>>>>>>>>>>>>>>>>>>>>>>>>>>>>>>>>>>>>>>>>>>>>>>>>>
epoch: 1
loss: 1.1879, acc: 0.2188
loss: 1.1216, acc: 0.3036
loss: 1.0971, acc: 0.3698
loss: 1.0883, acc: 0.3915
loss: 1.0825, acc: 0.4048
loss: 1.0711, acc: 0.4213
loss: 1.0687, acc: 0.4336
loss: 1.0682, acc: 0.4459
loss: 1.0800, acc: 0.4353
loss: 1.0818, acc: 0.4302
loss: 1.0840, acc: 0.4279
loss: 1.0828, acc: 0.4304
loss: 1.0826, acc: 0.4309
loss: 1.0815, acc: 0.4314
loss: 1.0772, acc: 0.4379
loss: 1.0749, acc: 0.4424
loss: 1.0734, acc: 0.4466
loss: 1.0754, acc: 0.4432
loss: 1.0752, acc: 0.4453
loss: 1.0739, acc: 0.4478
loss: 1.0695, acc: 0.4525
loss: 1.0701, acc: 0.4530
loss: 1.0673, acc: 0.4565
> val_acc: 0.5893, val_f1: 0.2877
>> saved: state_dict/asgcn_restaurant_val_acc_0.5893
>>>>>>>>>>>>>>>>>>>>>>>>>>>>>>>>>>>>>>>>>>>>>>>>>>>>>>>>>>>>>>>>>>>>>>>>>>>>>>>>>>>>>>>>>>>>>>>>>>>>
epoch: 2
loss: 1.0393, acc: 0.5078
loss: 1.0190, acc: 0.5208
